<?xml version="1.0" encoding="UTF-8"?>
<!-- Generated by org.testng.reporters.JUnitReportReporter -->
<testsuite hostname="DESKTOP-68BCR7S" failures="0" tests="5" name="com.sgtesting.tests.pojo.UserScenarioByPojoAproach" time="2.460" errors="0" timestamp="2024-01-30T10:50:20 IST" skipped="0">
  <testcase classname="com.sgtesting.tests.pojo.UserScenarioByPojoAproach" name="createUser" time="2.109"/>
  <system-out/>
  <testcase classname="com.sgtesting.tests.pojo.UserScenarioByPojoAproach" name="displayUser" time="0.066"/>
  <system-out/>
  <testcase classname="com.sgtesting.tests.pojo.UserScenarioByPojoAproach" name="updateUserStateName" time="0.141"/>
  <system-out/>
  <testcase classname="com.sgtesting.tests.pojo.UserScenarioByPojoAproach" name="displayAfterPatchUser" time="0.032"/>
  <system-out/>
  <testcase classname="com.sgtesting.tests.pojo.UserScenarioByPojoAproach" name="deleteUser" time="0.112"/>
  <system-out/>
</testsuite> <!-- com.sgtesting.tests.pojo.UserScenarioByPojoAproach -->
