<?xml version="1.0" encoding="UTF-8"?>
<!-- Generated by org.testng.reporters.JUnitReportReporter -->
<testsuite hostname="DESKTOP-68BCR7S" failures="0" tests="1" name="com.sgtesting.tests.users.UserScenario1" time="1.397" errors="0" timestamp="2024-01-25T11:37:57 IST" skipped="0">
  <testcase classname="com.sgtesting.tests.users.UserScenario1" name="createUser" time="1.397"/>
  <system-out/>
</testsuite> <!-- com.sgtesting.tests.users.UserScenario1 -->
