<?xml version="1.0" encoding="UTF-8"?>
<!-- Generated by org.testng.reporters.JUnitReportReporter -->
<testsuite hostname="LAPTOP-RERLQ593" failures="0" tests="6" name="com.sginstitute.APIProject1.pojo.Assignment.ProjectScenario1" time="3.058" errors="0" timestamp="2024-01-27T10:40:56 IST" skipped="0">
  <testcase classname="com.sginstitute.APIProject1.pojo.Assignment.ProjectScenario1" name="createCustomer" time="2.755"/>
  <system-out/>
  <testcase classname="com.sginstitute.APIProject1.pojo.Assignment.ProjectScenario1" name="displayCustomer" time="0.056"/>
  <system-out/>
  <testcase classname="com.sginstitute.APIProject1.pojo.Assignment.ProjectScenario1" name="createProject" time="0.153"/>
  <system-out/>
  <testcase classname="com.sginstitute.APIProject1.pojo.Assignment.ProjectScenario1" name="displayProject" time="0.029"/>
  <system-out/>
  <testcase classname="com.sginstitute.APIProject1.pojo.Assignment.ProjectScenario1" name="deleteProject" time="0.022"/>
  <system-out/>
  <testcase classname="com.sginstitute.APIProject1.pojo.Assignment.ProjectScenario1" name="deleteCustomer" time="0.043"/>
  <system-out/>
</testsuite> <!-- com.sginstitute.APIProject1.pojo.Assignment.ProjectScenario1 -->
