<?xml version="1.0" encoding="UTF-8"?>
<!-- Generated by org.testng.reporters.JUnitReportReporter -->
<testsuite hostname="LAPTOP-RERLQ593" failures="0" tests="5" name="com.sginstitute.APIProject1.pojo.Assignment.UserScenario2PojoApproach" time="2.913" errors="0" timestamp="2024-01-27T10:53:15 IST" skipped="0">
  <testcase classname="com.sginstitute.APIProject1.pojo.Assignment.UserScenario2PojoApproach" name="createUser" time="2.741"/>
  <system-out/>
  <testcase classname="com.sginstitute.APIProject1.pojo.Assignment.UserScenario2PojoApproach" name="displayUser" time="0.044"/>
  <system-out/>
  <testcase classname="com.sginstitute.APIProject1.pojo.Assignment.UserScenario2PojoApproach" name="UpdateUserPut" time="0.056"/>
  <system-out/>
  <testcase classname="com.sginstitute.APIProject1.pojo.Assignment.UserScenario2PojoApproach" name="displayUserPostUpdate" time="0.036"/>
  <system-out/>
  <testcase classname="com.sginstitute.APIProject1.pojo.Assignment.UserScenario2PojoApproach" name="deleteUser" time="0.036"/>
  <system-out/>
</testsuite> <!-- com.sginstitute.APIProject1.pojo.Assignment.UserScenario2PojoApproach -->
