<?xml version="1.0" encoding="UTF-8"?>
<!-- Generated by org.testng.reporters.JUnitReportReporter -->
<testsuite hostname="LAPTOP-RERLQ593" failures="0" tests="8" name="com.sginstitute.APIProject1.pojo.Assignment.ProjectScenario2" time="2.974" errors="0" timestamp="2024-01-27T10:55:46 IST" skipped="0">
  <testcase classname="com.sginstitute.APIProject1.pojo.Assignment.ProjectScenario2" name="createCustomer" time="2.721"/>
  <system-out/>
  <testcase classname="com.sginstitute.APIProject1.pojo.Assignment.ProjectScenario2" name="displayCustomer" time="0.050"/>
  <system-out/>
  <testcase classname="com.sginstitute.APIProject1.pojo.Assignment.ProjectScenario2" name="createProject" time="0.058"/>
  <system-out/>
  <testcase classname="com.sginstitute.APIProject1.pojo.Assignment.ProjectScenario2" name="displayProject" time="0.030"/>
  <system-out/>
  <testcase classname="com.sginstitute.APIProject1.pojo.Assignment.ProjectScenario2" name="updateProject" time="0.025"/>
  <system-out/>
  <testcase classname="com.sginstitute.APIProject1.pojo.Assignment.ProjectScenario2" name="displayProjectUponUpdate" time="0.026"/>
  <system-out/>
  <testcase classname="com.sginstitute.APIProject1.pojo.Assignment.ProjectScenario2" name="deleteProject" time="0.031"/>
  <system-out/>
  <testcase classname="com.sginstitute.APIProject1.pojo.Assignment.ProjectScenario2" name="deleteCustomer" time="0.033"/>
  <system-out/>
</testsuite> <!-- com.sginstitute.APIProject1.pojo.Assignment.ProjectScenario2 -->
