<?xml version="1.0" encoding="UTF-8"?>
<!-- Generated by org.testng.reporters.JUnitReportReporter -->
<testsuite hostname="LAPTOP-RERLQ593" failures="0" tests="3" name="com.sginstitute.APIProject1.pojo.EmployeeJSON" time="0.325" errors="0" timestamp="2024-01-26T12:30:07 IST" skipped="0">
  <testcase classname="com.sginstitute.APIProject1.pojo.EmployeeJSON" name="employeeJSONObject" time="0.005"/>
  <system-out/>
  <testcase classname="com.sginstitute.APIProject1.pojo.EmployeeJSON" name="employeeJSONArrayObject" time="0.317"/>
  <system-out/>
  <testcase classname="com.sginstitute.APIProject1.pojo.EmployeeJSON" name="employeeJSONObject2" time="0.003"/>
  <system-out/>
</testsuite> <!-- com.sginstitute.APIProject1.pojo.EmployeeJSON -->
