<?xml version="1.0" encoding="UTF-8"?>
<!-- Generated by org.testng.reporters.JUnitReportReporter -->
<testsuite hostname="LAPTOP-RERLQ593" failures="0" tests="3" name="com.sginstitute.APIProject1.pojo.Assignment.CustomerScenario1" time="3.114" errors="0" timestamp="2024-01-27T10:37:31 IST" skipped="0">
  <testcase classname="com.sginstitute.APIProject1.pojo.Assignment.CustomerScenario1" name="createCustomer" time="2.898"/>
  <system-out/>
  <testcase classname="com.sginstitute.APIProject1.pojo.Assignment.CustomerScenario1" name="displayCustomer" time="0.132"/>
  <system-out/>
  <testcase classname="com.sginstitute.APIProject1.pojo.Assignment.CustomerScenario1" name="deleteCustomer" time="0.084"/>
  <system-out/>
</testsuite> <!-- com.sginstitute.APIProject1.pojo.Assignment.CustomerScenario1 -->
