<?xml version="1.0" encoding="UTF-8"?>
<!-- Generated by org.testng.reporters.JUnitReportReporter -->
<testsuite hostname="LAPTOP-RERLQ593" failures="0" tests="3" name="com.sginstitute.APIProject1.pojo.Assignment.UserScenario1PojoApproach" time="2.959" errors="0" timestamp="2024-01-27T10:47:46 IST" skipped="0">
  <testcase classname="com.sginstitute.APIProject1.pojo.Assignment.UserScenario1PojoApproach" name="createUser" time="2.863"/>
  <system-out/>
  <testcase classname="com.sginstitute.APIProject1.pojo.Assignment.UserScenario1PojoApproach" name="displayUser" time="0.051"/>
  <system-out/>
  <testcase classname="com.sginstitute.APIProject1.pojo.Assignment.UserScenario1PojoApproach" name="deleteUser" time="0.045"/>
  <system-out/>
</testsuite> <!-- com.sginstitute.APIProject1.pojo.Assignment.UserScenario1PojoApproach -->
