<?xml version="1.0" encoding="UTF-8"?>
<!-- Generated by org.testng.reporters.JUnitReportReporter -->
<testsuite hostname="LAPTOP-RERLQ593" failures="0" tests="1" name="com.sginstitute.APIProject1.Demo" time="0.012" errors="0" timestamp="2024-01-25T11:15:58 IST" skipped="0">
  <testcase classname="com.sginstitute.APIProject1.Demo" name="sample" time="0.012"/>
  <system-out/>
</testsuite> <!-- com.sginstitute.APIProject1.Demo -->
