<?xml version="1.0" encoding="UTF-8"?>
<!-- Generated by org.testng.reporters.JUnitReportReporter -->
<testsuite hostname="LAPTOP-RERLQ593" failures="0" tests="5" name="com.sginstitute.APIProject1.pojo.Assignment.UserScenario3PojoApproach" time="2.998" errors="0" timestamp="2024-01-27T10:52:23 IST" skipped="0">
  <testcase classname="com.sginstitute.APIProject1.pojo.Assignment.UserScenario3PojoApproach" name="createUser" time="2.826"/>
  <system-out/>
  <testcase classname="com.sginstitute.APIProject1.pojo.Assignment.UserScenario3PojoApproach" name="displayUser" time="0.054"/>
  <system-out/>
  <testcase classname="com.sginstitute.APIProject1.pojo.Assignment.UserScenario3PojoApproach" name="UpdateUserPatch" time="0.044"/>
  <system-out/>
  <testcase classname="com.sginstitute.APIProject1.pojo.Assignment.UserScenario3PojoApproach" name="displayUserPostUpdate" time="0.035"/>
  <system-out/>
  <testcase classname="com.sginstitute.APIProject1.pojo.Assignment.UserScenario3PojoApproach" name="deleteUser" time="0.039"/>
  <system-out/>
</testsuite> <!-- com.sginstitute.APIProject1.pojo.Assignment.UserScenario3PojoApproach -->
