<?xml version="1.0" encoding="UTF-8"?>
<!-- Generated by org.testng.reporters.JUnitReportReporter -->
<testsuite hostname="LAPTOP-RERLQ593" failures="0" tests="5" name="com.sginstitute.APIProject1.pojo.Assignment.CustomerScenario2" time="1.906" errors="0" timestamp="2024-01-27T10:32:03 IST" skipped="0">
  <testcase classname="com.sginstitute.APIProject1.pojo.Assignment.CustomerScenario2" name="createCustomer" time="1.775"/>
  <system-out/>
  <testcase classname="com.sginstitute.APIProject1.pojo.Assignment.CustomerScenario2" name="displayCustomer" time="0.047"/>
  <system-out/>
  <testcase classname="com.sginstitute.APIProject1.pojo.Assignment.CustomerScenario2" name="UpdateCustomerPut" time="0.031"/>
  <system-out/>
  <testcase classname="com.sginstitute.APIProject1.pojo.Assignment.CustomerScenario2" name="displayCustomerUponUpdate" time="0.031"/>
  <system-out/>
  <testcase classname="com.sginstitute.APIProject1.pojo.Assignment.CustomerScenario2" name="deleteCustomer" time="0.022"/>
  <system-out/>
</testsuite> <!-- com.sginstitute.APIProject1.pojo.Assignment.CustomerScenario2 -->
