<?xml version="1.0" encoding="UTF-8"?>
<!-- Generated by org.testng.reporters.JUnitReportReporter -->
<testsuite hostname="LAPTOP-RERLQ593" failures="0" tests="5" name="com.sginstitute.APIProject1.pojo.Assignment.CustomerScenario3" time="2.931" errors="0" timestamp="2024-01-27T10:57:39 IST" skipped="0">
  <testcase classname="com.sginstitute.APIProject1.pojo.Assignment.CustomerScenario3" name="createCustomer" time="2.744"/>
  <system-out/>
  <testcase classname="com.sginstitute.APIProject1.pojo.Assignment.CustomerScenario3" name="displayCustomer" time="0.059"/>
  <system-out/>
  <testcase classname="com.sginstitute.APIProject1.pojo.Assignment.CustomerScenario3" name="UpdateCustomerPatch" time="0.052"/>
  <system-out/>
  <testcase classname="com.sginstitute.APIProject1.pojo.Assignment.CustomerScenario3" name="displayCustomerUponUpdate" time="0.038"/>
  <system-out/>
  <testcase classname="com.sginstitute.APIProject1.pojo.Assignment.CustomerScenario3" name="deleteCustomer" time="0.038"/>
  <system-out/>
</testsuite> <!-- com.sginstitute.APIProject1.pojo.Assignment.CustomerScenario3 -->
