<?xml version="1.0" encoding="UTF-8"?>
<!-- Generated by org.testng.reporters.JUnitReportReporter -->
<testsuite hostname="LAPTOP-RERLQ593" failures="0" tests="8" name="com.sginstitute.APIProject1.pojo.Assignment.ProjectScenario3" time="3.081" errors="0" timestamp="2024-01-27T10:54:31 IST" skipped="0">
  <testcase classname="com.sginstitute.APIProject1.pojo.Assignment.ProjectScenario3" name="createCustomer" time="2.804"/>
  <system-out/>
  <testcase classname="com.sginstitute.APIProject1.pojo.Assignment.ProjectScenario3" name="displayCustomer" time="0.051"/>
  <system-out/>
  <testcase classname="com.sginstitute.APIProject1.pojo.Assignment.ProjectScenario3" name="createProject" time="0.065"/>
  <system-out/>
  <testcase classname="com.sginstitute.APIProject1.pojo.Assignment.ProjectScenario3" name="displayProject" time="0.036"/>
  <system-out/>
  <testcase classname="com.sginstitute.APIProject1.pojo.Assignment.ProjectScenario3" name="updateProject" time="0.033"/>
  <system-out/>
  <testcase classname="com.sginstitute.APIProject1.pojo.Assignment.ProjectScenario3" name="displayProjectUponUpdate" time="0.023"/>
  <system-out/>
  <testcase classname="com.sginstitute.APIProject1.pojo.Assignment.ProjectScenario3" name="deleteProject" time="0.032"/>
  <system-out/>
  <testcase classname="com.sginstitute.APIProject1.pojo.Assignment.ProjectScenario3" name="deleteCustomer" time="0.037"/>
  <system-out/>
</testsuite> <!-- com.sginstitute.APIProject1.pojo.Assignment.ProjectScenario3 -->
