<?xml version="1.0" encoding="UTF-8"?>
<!-- Generated by org.testng.reporters.JUnitReportReporter -->
<testsuite hostname="LAPTOP-RERLQ593" failures="0" tests="1" name="com.sginstitute.APIProject1.UserScenario" time="1.737" errors="0" timestamp="2024-01-25T12:29:40 IST" skipped="0">
  <testcase classname="com.sginstitute.APIProject1.UserScenario" name="delete" time="1.737"/>
  <system-out/>
</testsuite> <!-- com.sginstitute.APIProject1.UserScenario -->
