<?xml version="1.0" encoding="UTF-8"?>
<!-- Generated by org.testng.reporters.JUnitReportReporter -->
<testsuite hostname="LAPTOP-RERLQ593" failures="0" tests="1" name="com.sginstitute.APIProject1.UserScenarioForReqres" time="2.842" errors="0" timestamp="2024-01-25T13:02:48 IST" skipped="0">
  <testcase classname="com.sginstitute.APIProject1.UserScenarioForReqres" name="userScenario" time="2.842"/>
  <system-out/>
</testsuite> <!-- com.sginstitute.APIProject1.UserScenarioForReqres -->
